This is pdfTeX, Version 3.141592653-2.6-1.40.24 (MiKTeX 22.3) (preloaded format=pdflatex 2022.5.23)  15 JUN 2022 19:53
entering extended mode
 restricted \write18 enabled.
 %&-line parsing enabled.
**./PhysicsFOrmulae.tex
(PhysicsFOrmulae.tex
LaTeX2e <2021-11-15> patch level 1
L3 programming layer <2022-05-04>
(C:\Users\jlin5\AppData\Local\Programs\MiKTeX\tex/latex/base\article.cls
Document Class: article 2021/10/04 v1.4n Standard LaTeX document class
(C:\Users\jlin5\AppData\Local\Programs\MiKTeX\tex/latex/base\size10.clo
File: size10.clo 2021/10/04 v1.4n Standard LaTeX file (size option)
)
\c@part=\count185
\c@section=\count186
\c@subsection=\count187
\c@subsubsection=\count188
\c@paragraph=\count189
\c@subparagraph=\count190
\c@figure=\count191
\c@table=\count192
\abovecaptionskip=\skip47
\belowcaptionskip=\skip48
\bibindent=\dimen138
)
(C:\Users\jlin5\AppData\Local\Programs\MiKTeX\tex/latex/base\inputenc.sty
Package: inputenc 2021/02/14 v1.3d Input encoding file
\inpenc@prehook=\toks16
\inpenc@posthook=\toks17
)
(C:\Users\jlin5\AppData\Local\Programs\MiKTeX\tex/latex/amsmath\amsmath.sty
Package: amsmath 2021/10/15 v2.17l AMS math features
\@mathmargin=\skip49

For additional information on amsmath, use the `?' option.
(C:\Users\jlin5\AppData\Local\Programs\MiKTeX\tex/latex/amsmath\amstext.sty
Package: amstext 2021/08/26 v2.01 AMS text

(C:\Users\jlin5\AppData\Local\Programs\MiKTeX\tex/latex/amsmath\amsgen.sty
File: amsgen.sty 1999/11/30 v2.0 generic functions
\@emptytoks=\toks18
\ex@=\dimen139
))
(C:\Users\jlin5\AppData\Local\Programs\MiKTeX\tex/latex/amsmath\amsbsy.sty
Package: amsbsy 1999/11/29 v1.2d Bold Symbols
\pmbraise@=\dimen140
)
(C:\Users\jlin5\AppData\Local\Programs\MiKTeX\tex/latex/amsmath\amsopn.sty
Package: amsopn 2021/08/26 v2.02 operator names
)
\inf@bad=\count193
LaTeX Info: Redefining \frac on input line 234.
\uproot@=\count194
\leftroot@=\count195
LaTeX Info: Redefining \overline on input line 399.
\classnum@=\count196
\DOTSCASE@=\count197
LaTeX Info: Redefining \ldots on input line 496.
LaTeX Info: Redefining \dots on input line 499.
LaTeX Info: Redefining \cdots on input line 620.
\Mathstrutbox@=\box50
\strutbox@=\box51
\big@size=\dimen141
LaTeX Font Info:    Redeclaring font encoding OML on input line 743.
LaTeX Font Info:    Redeclaring font encoding OMS on input line 744.
\macc@depth=\count198
\c@MaxMatrixCols=\count199
\dotsspace@=\muskip16
\c@parentequation=\count266
\dspbrk@lvl=\count267
\tag@help=\toks19
\row@=\count268
\column@=\count269
\maxfields@=\count270
\andhelp@=\toks20
\eqnshift@=\dimen142
\alignsep@=\dimen143
\tagshift@=\dimen144
\tagwidth@=\dimen145
\totwidth@=\dimen146
\lineht@=\dimen147
\@envbody=\toks21
\multlinegap=\skip50
\multlinetaggap=\skip51
\mathdisplay@stack=\toks22
LaTeX Info: Redefining \[ on input line 2938.
LaTeX Info: Redefining \] on input line 2939.
)
(C:\Users\jlin5\AppData\Local\Programs\MiKTeX\tex/latex/geometry\geometry.sty
Package: geometry 2020/01/02 v5.9 Page Geometry

(C:\Users\jlin5\AppData\Local\Programs\MiKTeX\tex/latex/graphics\keyval.sty
Package: keyval 2014/10/28 v1.15 key=value parser (DPC)
\KV@toks@=\toks23
)
(C:\Users\jlin5\AppData\Local\Programs\MiKTeX\tex/generic/iftex\ifvtex.sty
Package: ifvtex 2019/10/25 v1.7 ifvtex legacy package. Use iftex instead.

(C:\Users\jlin5\AppData\Local\Programs\MiKTeX\tex/generic/iftex\iftex.sty
Package: iftex 2022/02/03 v1.0f TeX engine tests
))
\Gm@cnth=\count271
\Gm@cntv=\count272
\c@Gm@tempcnt=\count273
\Gm@bindingoffset=\dimen148
\Gm@wd@mp=\dimen149
\Gm@odd@mp=\dimen150
\Gm@even@mp=\dimen151
\Gm@layoutwidth=\dimen152
\Gm@layoutheight=\dimen153
\Gm@layouthoffset=\dimen154
\Gm@layoutvoffset=\dimen155
\Gm@dimlist=\toks24

(C:\Users\jlin5\AppData\Local\Programs\MiKTeX\tex/latex/geometry\geometry.cfg))
(C:\Users\jlin5\AppData\Local\Programs\MiKTeX\tex/latex/was\upgreek.sty
Package: upgreek 2003/02/12 v2.0 (WaS)
Package upgreek Info: Using Euler Roman for upright Greek on input line 31.
\symugrf@m=\mathgroup4
LaTeX Font Info:    Overwriting symbol font `ugrf@m' in version `bold'
(Font)                  U/eur/m/n --> U/eur/b/n on input line 38.
)
(C:\Users\jlin5\AppData\Local\Programs\MiKTeX\tex/latex/subfiles\subfiles.sty
Package: subfiles 2020/11/14 v2.2 Multi-file projects (package)

(C:\Users\jlin5\AppData\Local\Programs\MiKTeX\tex/latex/import\import.sty
Package: import 2020/04/01  v 6.2
))
(C:\Users\jlin5\AppData\Local\Programs\MiKTeX\tex/latex/graphics\graphicx.sty
Package: graphicx 2021/09/16 v1.2d Enhanced LaTeX Graphics (DPC,SPQR)

(C:\Users\jlin5\AppData\Local\Programs\MiKTeX\tex/latex/graphics\graphics.sty
Package: graphics 2021/03/04 v1.4d Standard LaTeX Graphics (DPC,SPQR)

(C:\Users\jlin5\AppData\Local\Programs\MiKTeX\tex/latex/graphics\trig.sty
Package: trig 2021/08/11 v1.11 sin cos tan (DPC)
)
(C:\Users\jlin5\AppData\Local\Programs\MiKTeX\tex/latex/graphics-cfg\graphics.c
fg
File: graphics.cfg 2016/06/04 v1.11 sample graphics configuration
)
Package graphics Info: Driver file: pdftex.def on input line 107.

(C:\Users\jlin5\AppData\Local\Programs\MiKTeX\tex/latex/graphics-def\pdftex.def
File: pdftex.def 2020/10/05 v1.2a Graphics/color driver for pdftex
))
\Gin@req@height=\dimen156
\Gin@req@width=\dimen157
)
(C:\Users\jlin5\AppData\Local\Programs\MiKTeX\tex/latex/titlesec\titlesec.sty
Package: titlesec 2021/07/05 v2.14 Sectioning titles
\ttl@box=\box52
\beforetitleunit=\skip52
\aftertitleunit=\skip53
\ttl@plus=\dimen158
\ttl@minus=\dimen159
\ttl@toksa=\toks25
\titlewidth=\dimen160
\titlewidthlast=\dimen161
\titlewidthfirst=\dimen162
)
(C:\Users\jlin5\AppData\Local\Programs\MiKTeX\tex/latex/l3backend\l3backend-pdf
tex.def
File: l3backend-pdftex.def 2022-04-20 L3 backend support: PDF output (pdfTeX)
\l__color_backend_stack_int=\count274
\l__pdf_internal_box=\box53
) (PhysicsFOrmulae.aux)
\openout1 = `PhysicsFOrmulae.aux'.

LaTeX Font Info:    Checking defaults for OML/cmm/m/it on input line 18.
LaTeX Font Info:    ... okay on input line 18.
LaTeX Font Info:    Checking defaults for OMS/cmsy/m/n on input line 18.
LaTeX Font Info:    ... okay on input line 18.
LaTeX Font Info:    Checking defaults for OT1/cmr/m/n on input line 18.
LaTeX Font Info:    ... okay on input line 18.
LaTeX Font Info:    Checking defaults for T1/cmr/m/n on input line 18.
LaTeX Font Info:    ... okay on input line 18.
LaTeX Font Info:    Checking defaults for TS1/cmr/m/n on input line 18.
LaTeX Font Info:    ... okay on input line 18.
LaTeX Font Info:    Checking defaults for OMX/cmex/m/n on input line 18.
LaTeX Font Info:    ... okay on input line 18.
LaTeX Font Info:    Checking defaults for U/cmr/m/n on input line 18.
LaTeX Font Info:    ... okay on input line 18.

*geometry* driver: auto-detecting
*geometry* detected driver: pdftex
*geometry* verbose mode - [ preamble ] result:
* driver: pdftex
* paper: <default>
* layout: <same size as paper>
* layoutoffset:(h,v)=(0.0pt,0.0pt)
* modes: 
* h-part:(L,W,R)=(72.26999pt, 469.75502pt, 72.26999pt)
* v-part:(T,H,B)=(72.26999pt, 650.43001pt, 72.26999pt)
* \paperwidth=614.295pt
* \paperheight=794.96999pt
* \textwidth=469.75502pt
* \textheight=650.43001pt
* \oddsidemargin=0.0pt
* \evensidemargin=0.0pt
* \topmargin=-37.0pt
* \headheight=12.0pt
* \headsep=25.0pt
* \topskip=10.0pt
* \footskip=30.0pt
* \marginparwidth=65.0pt
* \marginparsep=11.0pt
* \columnsep=10.0pt
* \skip\footins=9.0pt plus 4.0pt minus 2.0pt
* \hoffset=0.0pt
* \voffset=0.0pt
* \mag=1000
* \@twocolumnfalse
* \@twosidefalse
* \@mparswitchfalse
* \@reversemarginfalse
* (1in=72.27pt=25.4mm, 1cm=28.453pt)


(C:\Users\jlin5\AppData\Local\Programs\MiKTeX\tex/context/base/mkii\supp-pdf.mk
ii
[Loading MPS to PDF converter (version 2006.09.02).]
\scratchcounter=\count275
\scratchdimen=\dimen163
\scratchbox=\box54
\nofMPsegments=\count276
\nofMParguments=\count277
\everyMPshowfont=\toks26
\MPscratchCnt=\count278
\MPscratchDim=\dimen164
\MPnumerator=\count279
\makeMPintoPDFobject=\count280
\everyMPtoPDFconversion=\toks27
)
(C:\Users\jlin5\AppData\Local\Programs\MiKTeX\tex/latex/epstopdf-pkg\epstopdf-b
ase.sty
Package: epstopdf-base 2020-01-24 v2.11 Base part for package epstopdf
Package epstopdf-base Info: Redefining graphics rule for `.eps' on input line 4
85.

(C:\Users\jlin5\AppData\Local\Programs\MiKTeX\tex/latex/00miktex\epstopdf-sys.c
fg
File: epstopdf-sys.cfg 2021/03/18 v2.0 Configuration of epstopdf for MiKTeX
)) [1

{C:/Users/jlin5/AppData/Local/MiKTeX/fonts/map/pdftex/pdftex.map}]
(PhysicsFOrmulae.toc [2

] [3] [4] [5] [6])
\tf@toc=\write3
\openout3 = `PhysicsFOrmulae.toc'.

 [7] (sections/1.error.tex [8

]
[9]) [10] (sections/2.kinematics.tex [11

]) [12] (sections/3.drag.tex) [13

]
(sections/4.dynamics.tex) [14

] (sections/5.momentum.tex [15

]
<images/5.identical_mass_velocity_transform.png, id=64, 357.58594pt x 241.65282
pt>
File: images/5.identical_mass_velocity_transform.png Graphic file (type png)
<use images/5.identical_mass_velocity_transform.png>
Package pdftex.def Info: images/5.identical_mass_velocity_transform.png  used o
n input line 46.
(pdftex.def)             Requested size: 234.8775pt x 158.72807pt.
) [16 <./images/5.identical_mass_velocity_transform.png>] (sections/6.rotationa
l_dynamics.tex
[17

] [18]) [19] (sections/7.kinetic_energy.tex [20

]) [21]
(sections/8.potential_energy.tex [22

]) [23] (sections/9.conservation_energy.tex) [24

] (sections/10.gravitation.tex [25

] [26]) [27]
(sections/11.fluid_statics.tex [28

]) [29] [30] (sections/12.fluid_dynamics.tex
<images/12.venturi_meter.png, id=115, 290.33469pt x 191.9672pt>
File: images/12.venturi_meter.png Graphic file (type png)
<use images/12.venturi_meter.png>
Package pdftex.def Info: images/12.venturi_meter.png  used on input line 30.
(pdftex.def)             Requested size: 164.41353pt x 108.71063pt.
<images/12.pitot_tube.png, id=116, 237.88875pt x 164.615pt>
File: images/12.pitot_tube.png Graphic file (type png)
<use images/12.pitot_tube.png>
Package pdftex.def Info: images/12.pitot_tube.png  used on input line 36.
(pdftex.def)             Requested size: 164.41353pt x 113.77536pt.

[31

]) [32 <./images/12.venturi_meter.png> <./images/12.pitot_tube.png>]
(sections/13.oscilliations.tex [33

] [34] [35]) [36] (sections/14.waves.tex
[37

] [38] [39] [40]) [41] (sections/15.sound_waves.tex [42

] [43] [44]) [45]
(sections/16.special_relativity.tex [46

] [47] [48]) [49]
(sections/17.temperature.tex [50

]
<images/17.molecular_potential_energy_curve.png, id=184, 297.36093pt x 240.1471
9pt>
File: images/17.molecular_potential_energy_curve.png Graphic file (type png)
<use images/17.molecular_potential_energy_curve.png>
Package pdftex.def Info: images/17.molecular_potential_energy_curve.png  used o
n input line 51.
(pdftex.def)             Requested size: 187.89914pt x 151.74422pt.
 [51 <./images/17.molecular_potential_energy_curve.png>]) [52] (sections/18.mol
ecular_gases.tex [53

] [54]) [55]
(sections/19.first_law_thermo.tex [56

] [57] [58] [59] [60]) [61]
(sections/20.entropy.tex [62

]
<images/20.carnot_pv.jpg, id=224, 353.82187pt x 277.035pt>
File: images/20.carnot_pv.jpg Graphic file (type jpg)
<use images/20.carnot_pv.jpg>
Package pdftex.def Info: images/20.carnot_pv.jpg  used on input line 48.
(pdftex.def)             Requested size: 187.90271pt x 147.12375pt.
<images/20.carnot_st.jpg, id=225, 335.75438pt x 268.00125pt>
File: images/20.carnot_st.jpg Graphic file (type jpg)
<use images/20.carnot_st.jpg>
Package pdftex.def Info: images/20.carnot_st.jpg  used on input line 54.
(pdftex.def)             Requested size: 187.90271pt x 149.98561pt.
 [63 <./images/20.carnot_pv.jpg> <./images/20.carnot_st.jpg>] [64]) [65] (secti
ons/21.electric_force.tex [66

]) [67]
(sections/22.electric_field.tex [68

]) [69] (sections/23.gauss_law.tex) [70

]
(sections/24.electric_potential.tex [71

]) [72]
(sections/25.electrical_prop_materials.tex [73

] [74]) [75]
(sections/26.capacitance.tex [76

]) [77] (sections/27.dc_circuits.tex [78

]
<images/27.rc_circuit.jpg, id=276, 469.755pt x 115.632pt>
File: images/27.rc_circuit.jpg Graphic file (type jpg)
<use images/27.rc_circuit.jpg>
Package pdftex.def Info: images/27.rc_circuit.jpg  used on input line 50.
(pdftex.def)             Requested size: 328.82707pt x 80.94183pt.
)
[79 <./images/27.rc_circuit.jpg>] (sections/constants.tex [80


]) [81]
(PhysicsFOrmulae.aux) ) 
Here is how much of TeX's memory you used:
 3357 strings out of 478614
 57809 string characters out of 2843122
 362783 words of memory out of 3000000
 21374 multiletter control sequences out of 15000+600000
 477687 words of font info for 57 fonts, out of 8000000 for 9000
 1141 hyphenation exceptions out of 8191
 55i,10n,62p,626b,414s stack positions out of 10000i,1000n,20000p,200000b,80000s
 <C:\Users\jlin5\AppData\Local\MiKTeX\fonts/pk/ljfour/jk
nappen/ec/dpi600\tcrm1000.pk><C:/Users/jlin5/AppData/Local/Programs/MiKTeX/font
s/type1/public/amsfonts/cm/cmbx10.pfb><C:/Users/jlin5/AppData/Local/Programs/Mi
KTeX/fonts/type1/public/amsfonts/cm/cmbx12.pfb><C:/Users/jlin5/AppData/Local/Pr
ograms/MiKTeX/fonts/type1/public/amsfonts/cm/cmbxti10.pfb><C:/Users/jlin5/AppDa
ta/Local/Programs/MiKTeX/fonts/type1/public/amsfonts/cm/cmex10.pfb><C:/Users/jl
in5/AppData/Local/Programs/MiKTeX/fonts/type1/public/amsfonts/cm/cmmi10.pfb><C:
/Users/jlin5/AppData/Local/Programs/MiKTeX/fonts/type1/public/amsfonts/cm/cmmi5
.pfb><C:/Users/jlin5/AppData/Local/Programs/MiKTeX/fonts/type1/public/amsfonts/
cm/cmmi7.pfb><C:/Users/jlin5/AppData/Local/Programs/MiKTeX/fonts/type1/public/a
msfonts/cm/cmr10.pfb><C:/Users/jlin5/AppData/Local/Programs/MiKTeX/fonts/type1/
public/amsfonts/cm/cmr12.pfb><C:/Users/jlin5/AppData/Local/Programs/MiKTeX/font
s/type1/public/amsfonts/cm/cmr17.pfb><C:/Users/jlin5/AppData/Local/Programs/MiK
TeX/fonts/type1/public/amsfonts/cm/cmr5.pfb><C:/Users/jlin5/AppData/Local/Progr
ams/MiKTeX/fonts/type1/public/amsfonts/cm/cmr7.pfb><C:/Users/jlin5/AppData/Loca
l/Programs/MiKTeX/fonts/type1/public/amsfonts/cm/cmsy10.pfb><C:/Users/jlin5/App
Data/Local/Programs/MiKTeX/fonts/type1/public/amsfonts/cm/cmsy7.pfb><C:/Users/j
lin5/AppData/Local/Programs/MiKTeX/fonts/type1/public/amsfonts/cm/cmti10.pfb><C
:/Users/jlin5/AppData/Local/Programs/MiKTeX/fonts/type1/public/amsfonts/euler/e
urm10.pfb>
Output written on PhysicsFOrmulae.pdf (81 pages, 785867 bytes).
PDF statistics:
 360 PDF objects out of 1000 (max. 8388607)
 0 named destinations out of 1000 (max. 500000)
 36 words of extra memory for PDF output out of 10000 (max. 10000000)

