This is pdfTeX, Version 3.141592653-2.6-1.40.24 (MiKTeX 22.3) (preloaded format=pdflatex 2022.5.23)  1 JUL 2023 19:53
entering extended mode
 restricted \write18 enabled.
 %&-line parsing enabled.
**./AMP.tex
(AMP.tex
LaTeX2e <2021-11-15> patch level 1
L3 programming layer <2022-05-04>
! Missing \endcsname inserted.
<to be read again> 
                   \let 
l.2 \usepackage[utf8]
                     {inputenc}
? 
! Emergency stop.
<to be read again> 
                   \let 
l.2 \usepackage[utf8]
                     {inputenc}
End of file on the terminal!

 
Here is how much of TeX's memory you used:
 18 strings out of 478614
 414 string characters out of 2843122
 289549 words of memory out of 3000000
 18273 multiletter control sequences out of 15000+600000
 469259 words of font info for 28 fonts, out of 8000000 for 9000
 1141 hyphenation exceptions out of 8191
 13i,0n,16p,64b,10s stack positions out of 10000i,1000n,20000p,200000b,80000s
!  ==> Fatal error occurred, no output PDF file produced!
